<?xml version="1.0" encoding="UTF-8"?>
<testsuite xmlns:xsi="http://www.w3.org/2001/XMLSchema-instance" xsi:noNamespaceSchemaLocation="https://maven.apache.org/surefire/maven-surefire-plugin/xsd/surefire-test-report-3.0.xsd" version="3.0" name="com.example.ComprehensiveTaskTwoDemo" time="0.081" tests="2" errors="0" skipped="0" failures="0">
  <properties>
[...]
</properties>
  <testcase name="demonstrateDebuggingWorkflow" classname="com.example.ComprehensiveTaskTwoDemo" time="0.037">
    <system-out><![CDATA[11:38:05.373 [main] INFO com.example.ComprehensiveTaskTwoDemo -- === Comprehensive TaskTwo Demo Setup Complete ===
11:38:05.376 [main] INFO com.example.ComprehensiveTaskTwoDemo -- === DEBUGGING WORKFLOW DEMONSTRATION ===
11:38:05.376 [main] INFO com.example.ComprehensiveTaskTwoDemo -- Step 1: Adding transactions to store
11:38:05.377 [main] INFO com.example.ComprehensiveTaskTwoDemo -- Step 2: Logging current transaction store state
11:38:05.377 [main] INFO com.example.debug.TransactionDebugger -- === TRANSACTION STORE DETAILED DEBUG ===
11:38:05.377 [main] INFO com.example.debug.TransactionDebugger -- Store size: 6
11:38:05.378 [main] INFO com.example.debug.TransactionDebugger -- Is empty: false
11:38:05.378 [main] INFO com.example.debug.TransactionDebugger -- Transaction 1: ID=TXN-SAMPLE-001, Amount=125.50, Currency=USD, Type=TRANSFER, Status=COMPLETED
11:38:05.378 [main] INFO com.example.debug.TransactionDebugger -- Transaction 2: ID=TXN-SAMPLE-002, Amount=2500.00, Currency=USD, Type=TRANSFER, Status=COMPLETED
11:38:05.380 [main] INFO com.example.debug.TransactionDebugger -- Transaction 3: ID=TXN-SAMPLE-003, Amount=75.25, Currency=USD, Type=TRANSFER, Status=COMPLETED
11:38:05.380 [main] INFO com.example.debug.TransactionDebugger -- Transaction 4: ID=TXN-SAMPLE-004, Amount=10000.00, Currency=USD, Type=TRANSFER, Status=COMPLETED
11:38:05.380 [main] INFO com.example.debug.TransactionDebugger -- Transaction 5: ID=TXN-SAMPLE-005, Amount=500.75, Currency=USD, Type=TRANSFER, Status=COMPLETED
11:38:05.380 [main] INFO com.example.debug.TransactionDebugger -- Transaction 6: ID=TXN-SAMPLE-006, Amount=1250.00, Currency=USD, Type=TRANSFER, Status=COMPLETED
11:38:05.380 [main] INFO com.example.debug.TransactionDebugger -- Latest transaction: ID=TXN-SAMPLE-006, Amount=1250.00
11:38:05.380 [main] INFO com.example.debug.TransactionDebugger -- === END DETAILED DEBUG ===
11:38:05.380 [main] INFO com.example.ComprehensiveTaskTwoDemo -- Step 3: Capturing first four transaction amounts
11:38:05.380 [main] INFO com.example.debug.TransactionDebugger -- Capturing first 4 transaction amounts
11:38:05.381 [main] INFO com.example.debug.TransactionDebugger -- Captured 4 amounts: [125.50, 2500.00, 75.25, 10000.00]
11:38:05.381 [main] INFO com.example.ComprehensiveTaskTwoDemo -- Step 4: Validating captured amounts
11:38:05.381 [main] INFO com.example.debug.TransactionDebugger -- Capturing first 4 transaction amounts
11:38:05.381 [main] INFO com.example.debug.TransactionDebugger -- Captured 4 amounts: [125.50, 2500.00, 75.25, 10000.00]
11:38:05.382 [main] INFO com.example.debug.TransactionDebugger -- Amount validation PASSED: Expected [125.50, 2500.00, 75.25, 10000.00] = Actual [125.50, 2500.00, 75.25, 10000.00]
11:38:05.384 [main] INFO com.example.ComprehensiveTaskTwoDemo -- Step 5: Generating comprehensive summary
11:38:05.386 [main] INFO com.example.debug.TransactionDebugger -- === TRANSACTION AMOUNT SUMMARY ===
Total Transactions: 6
Total Amount: 14451.50
Average Amount: 2408.58
Minimum Amount: 75.25
Maximum Amount: 10000.00
First Four Amounts: [125.50, 2500.00, 75.25, 10000.00]
All Amounts: [125.50, 2500.00, 75.25, 10000.00, 500.75, 1250.00]
=== END SUMMARY ===
11:38:05.386 [main] INFO com.example.ComprehensiveTaskTwoDemo -- === DEBUGGING WORKFLOW COMPLETED SUCCESSFULLY ===
]]></system-out>
  </testcase>
  <testcase name="comprehensiveFirstFourAmountsDemo" classname="com.example.ComprehensiveTaskTwoDemo" time="0.008">
    <system-out><![CDATA[11:38:05.398 [main] INFO com.example.ComprehensiveTaskTwoDemo -- === Comprehensive TaskTwo Demo Setup Complete ===
11:38:05.398 [main] INFO com.example.ComprehensiveTaskTwoDemo -- === COMPREHENSIVE FIRST FOUR AMOUNTS DEMONSTRATION ===
11:38:05.398 [main] INFO com.example.ComprehensiveTaskTwoDemo -- SCENARIO 1: Basic First Four Amounts Capture
11:38:05.399 [main] INFO com.example.ComprehensiveTaskTwoDemo -- Adding basic test transactions...
11:38:05.399 [main] INFO com.example.debug.TransactionDebugger -- Capturing first 4 transaction amounts
11:38:05.399 [main] INFO com.example.debug.TransactionDebugger -- Captured 4 amounts: [100.00, 200.00, 300.00, 400.00]
11:38:05.399 [main] INFO com.example.ComprehensiveTaskTwoDemo -- === BASIC CAPTURE RESULTS ===
11:38:05.399 [main] INFO com.example.ComprehensiveTaskTwoDemo -- Transaction 1: Amount = 100.00
11:38:05.399 [main] INFO com.example.ComprehensiveTaskTwoDemo -- Transaction 2: Amount = 200.00
11:38:05.399 [main] INFO com.example.ComprehensiveTaskTwoDemo -- Transaction 3: Amount = 300.00
11:38:05.399 [main] INFO com.example.ComprehensiveTaskTwoDemo -- Transaction 4: Amount = 400.00
11:38:05.401 [main] INFO com.example.ComprehensiveTaskTwoDemo -- Basic capture validation: PASSED
11:38:05.401 [main] INFO com.example.ComprehensiveTaskTwoDemo -- SCENARIO 2: Real-World Financial Amounts
11:38:05.401 [main] INFO com.example.ComprehensiveTaskTwoDemo -- Adding real-world financial transactions...
11:38:05.402 [main] INFO com.example.debug.TransactionDebugger -- Capturing first 4 transaction amounts
11:38:05.402 [main] INFO com.example.debug.TransactionDebugger -- Captured 4 amounts: [1234.56, 50000.00, 99.99, 250000.75]
11:38:05.402 [main] INFO com.example.ComprehensiveTaskTwoDemo -- === REAL-WORLD AMOUNTS RESULTS ===
11:38:05.402 [main] INFO com.example.ComprehensiveTaskTwoDemo -- Transaction 1: Amount = $1234.56
11:38:05.402 [main] INFO com.example.ComprehensiveTaskTwoDemo -- Transaction 2: Amount = $50000.00
11:38:05.402 [main] INFO com.example.ComprehensiveTaskTwoDemo -- Transaction 3: Amount = $99.99
11:38:05.402 [main] INFO com.example.ComprehensiveTaskTwoDemo -- Transaction 4: Amount = $250000.75
11:38:05.402 [main] INFO com.example.debug.TransactionDebugger -- === TRANSACTION AMOUNT SUMMARY ===
Total Transactions: 5
Total Amount: 301347.80
Average Amount: 60269.56
Minimum Amount: 12.50
Maximum Amount: 250000.75
First Four Amounts: [1234.56, 50000.00, 99.99, 250000.75]
All Amounts: [1234.56, 50000.00, 99.99, 250000.75, 12.50]
=== END SUMMARY ===
11:38:05.402 [main] INFO com.example.ComprehensiveTaskTwoDemo -- Real-world amounts summary generated successfully
11:38:05.403 [main] INFO com.example.ComprehensiveTaskTwoDemo -- Real-world amounts validation: PASSED
11:38:05.403 [main] INFO com.example.ComprehensiveTaskTwoDemo -- SCENARIO 3: Edge Cases - Small and Large Amounts
11:38:05.403 [main] INFO com.example.ComprehensiveTaskTwoDemo -- Adding edge case transactions...
11:38:05.403 [main] INFO com.example.debug.TransactionDebugger -- Capturing first 4 transaction amounts
11:38:05.403 [main] INFO com.example.debug.TransactionDebugger -- Captured 4 amounts: [0.01, 999999999.99, 0.001, 5000000.00]
11:38:05.403 [main] INFO com.example.ComprehensiveTaskTwoDemo -- === EDGE CASES RESULTS ===
11:38:05.403 [main] INFO com.example.ComprehensiveTaskTwoDemo -- Transaction 1: Amount = 0.01 (Scale: 2)
11:38:05.403 [main] INFO com.example.ComprehensiveTaskTwoDemo -- Transaction 2: Amount = 999999999.99 (Scale: 2)
11:38:05.403 [main] INFO com.example.ComprehensiveTaskTwoDemo -- Transaction 3: Amount = 0.001 (Scale: 3)
11:38:05.403 [main] INFO com.example.ComprehensiveTaskTwoDemo -- Transaction 4: Amount = 5000000.00 (Scale: 2)
11:38:05.403 [main] INFO com.example.debug.TransactionDebugger -- === TRANSACTION STORE DETAILED DEBUG ===
11:38:05.403 [main] INFO com.example.debug.TransactionDebugger -- Store size: 4
11:38:05.403 [main] INFO com.example.debug.TransactionDebugger -- Is empty: false
11:38:05.404 [main] INFO com.example.debug.TransactionDebugger -- Transaction 1: ID=TXN-EDGE-001, Amount=0.01, Currency=USD, Type=TRANSFER, Status=COMPLETED
11:38:05.404 [main] INFO com.example.debug.TransactionDebugger -- Transaction 2: ID=TXN-EDGE-002, Amount=999999999.99, Currency=USD, Type=TRANSFER, Status=COMPLETED
11:38:05.404 [main] INFO com.example.debug.TransactionDebugger -- Transaction 3: ID=TXN-EDGE-003, Amount=0.001, Currency=USD, Type=TRANSFER, Status=COMPLETED
11:38:05.404 [main] INFO com.example.debug.TransactionDebugger -- Transaction 4: ID=TXN-EDGE-004, Amount=5000000.00, Currency=USD, Type=TRANSFER, Status=COMPLETED
11:38:05.404 [main] INFO com.example.debug.TransactionDebugger -- Latest transaction: ID=TXN-EDGE-004, Amount=5000000.00
11:38:05.404 [main] INFO com.example.debug.TransactionDebugger -- === END DETAILED DEBUG ===
11:38:05.404 [main] INFO com.example.ComprehensiveTaskTwoDemo -- Edge cases validation: PASSED
11:38:05.404 [main] INFO com.example.ComprehensiveTaskTwoDemo -- SCENARIO 4: Incomplete Sets (Less than 4 transactions)
11:38:05.404 [main] INFO com.example.ComprehensiveTaskTwoDemo -- Testing incomplete sets (less than 4 transactions)...
11:38:05.404 [main] INFO com.example.debug.TransactionDebugger -- Capturing first 4 transaction amounts
11:38:05.404 [main] INFO com.example.debug.TransactionDebugger -- Captured 0 amounts: []
11:38:05.404 [main] INFO com.example.ComprehensiveTaskTwoDemo -- Zero transactions result: []
11:38:05.404 [main] INFO com.example.debug.TransactionDebugger -- Capturing first 4 transaction amounts
11:38:05.404 [main] INFO com.example.debug.TransactionDebugger -- Captured 1 amounts: [111.11]
11:38:05.404 [main] INFO com.example.ComprehensiveTaskTwoDemo -- One transaction result: [111.11]
11:38:05.404 [main] INFO com.example.debug.TransactionDebugger -- Capturing first 4 transaction amounts
11:38:05.405 [main] INFO com.example.debug.TransactionDebugger -- Captured 2 amounts: [111.11, 222.22]
11:38:05.405 [main] INFO com.example.ComprehensiveTaskTwoDemo -- Two transactions result: [111.11, 222.22]
11:38:05.405 [main] INFO com.example.debug.TransactionDebugger -- Capturing first 4 transaction amounts
11:38:05.405 [main] INFO com.example.debug.TransactionDebugger -- Captured 3 amounts: [111.11, 222.22, 333.33]
11:38:05.405 [main] INFO com.example.ComprehensiveTaskTwoDemo -- Three transactions result: [111.11, 222.22, 333.33]
11:38:05.405 [main] INFO com.example.ComprehensiveTaskTwoDemo -- === INCOMPLETE SETS RESULTS ===
11:38:05.405 [main] INFO com.example.ComprehensiveTaskTwoDemo -- Zero transactions: 0 amounts captured
11:38:05.405 [main] INFO com.example.ComprehensiveTaskTwoDemo -- One transaction: 1 amounts captured
11:38:05.405 [main] INFO com.example.ComprehensiveTaskTwoDemo -- Two transactions: 2 amounts captured
11:38:05.405 [main] INFO com.example.ComprehensiveTaskTwoDemo -- Three transactions: 3 amounts captured
11:38:05.405 [main] INFO com.example.ComprehensiveTaskTwoDemo -- Incomplete sets validation: PASSED
11:38:05.405 [main] INFO com.example.ComprehensiveTaskTwoDemo -- === COMPREHENSIVE DEMONSTRATION COMPLETED ===
]]></system-out>
  </testcase>
</testsuite>