<?xml version="1.0" encoding="UTF-8"?>
<testsuite xmlns:xsi="http://www.w3.org/2001/XMLSchema-instance" xsi:noNamespaceSchemaLocation="https://maven.apache.org/surefire/maven-surefire-plugin/xsd/surefire-test-report-3.0.xsd" version="3.0" name="com.example.TaskTwoTests" time="0.197" tests="4" errors="0" skipped="0" failures="0">
  <properties>
[...]
</properties>
  <testcase name="debugTransactionProcessingPipeline" classname="com.example.TaskTwoTests" time="0.096">
    <system-out><![CDATA[11:36:48.952 [main] INFO com.example.TaskTwoTests -- === TaskTwoTests Setup Complete ===
11:36:48.960 [main] INFO com.example.TaskTwoTests -- Starting transaction processing pipeline debug
11:36:48.967 [main] INFO com.example.TaskTwoTests -- Processing transaction 1: id=TXN-DEBUG-001, amount=100
11:36:48.969 [main] INFO com.example.TaskTwoTests -- Store size after adding transaction 1: 1
11:36:48.969 [main] INFO com.example.TaskTwoTests -- Processing transaction 2: id=TXN-DEBUG-002, amount=200
11:36:48.969 [main] INFO com.example.TaskTwoTests -- Store size after adding transaction 2: 2
11:36:48.969 [main] INFO com.example.TaskTwoTests -- Processing transaction 3: id=TXN-DEBUG-003, amount=300
11:36:48.969 [main] INFO com.example.TaskTwoTests -- Store size after adding transaction 3: 3
11:36:48.970 [main] INFO com.example.TaskTwoTests -- Processing transaction 4: id=TXN-DEBUG-004, amount=400
11:36:48.970 [main] INFO com.example.TaskTwoTests -- Store size after adding transaction 4: 4
11:36:48.970 [main] INFO com.example.TaskTwoTests -- Processing transaction 5: id=TXN-DEBUG-005, amount=500
11:36:48.970 [main] INFO com.example.TaskTwoTests -- Store size after adding transaction 5: 5
11:36:48.970 [main] INFO com.example.TaskTwoTests -- Processing transaction 6: id=TXN-DEBUG-006, amount=600
11:36:48.970 [main] INFO com.example.TaskTwoTests -- Store size after adding transaction 6: 6
11:36:48.970 [main] INFO com.example.TaskTwoTests -- === TRANSACTION STORE DEBUG STATE ===
11:36:48.970 [main] INFO com.example.TaskTwoTests -- Total transactions: 6
11:36:48.970 [main] INFO com.example.TaskTwoTests -- Is empty: false
11:36:48.970 [main] INFO com.example.TaskTwoTests -- Latest transaction: id=TXN-DEBUG-006, amount=600
11:36:49.006 [main] INFO com.example.TaskTwoTests -- All transaction IDs: [TXN-DEBUG-001, TXN-DEBUG-002, TXN-DEBUG-003, TXN-DEBUG-004, TXN-DEBUG-005, TXN-DEBUG-006]
11:36:49.008 [main] INFO com.example.TaskTwoTests -- All transaction amounts: [100, 200, 300, 400, 500, 600]
11:36:49.008 [main] INFO com.example.TaskTwoTests -- === END STORE DEBUG STATE ===
11:36:49.008 [main] INFO com.example.TaskTwoTests -- First four amounts: [100, 200, 300, 400]
]]></system-out>
  </testcase>
  <testcase name="debugTransactionAmountValidation" classname="com.example.TaskTwoTests" time="0.006">
    <system-out><![CDATA[11:36:49.035 [main] INFO com.example.TaskTwoTests -- === TaskTwoTests Setup Complete ===
11:36:49.035 [main] INFO com.example.TaskTwoTests -- Starting transaction amount validation debug
11:36:49.036 [main] INFO com.example.TaskTwoTests -- Testing amount: 0.01
11:36:49.038 [main] INFO com.example.TaskTwoTests -- Amount validation passed for: 0.01
11:36:49.039 [main] INFO com.example.TaskTwoTests -- Testing amount: 999999999.99
11:36:49.039 [main] INFO com.example.TaskTwoTests -- Amount validation passed for: 999999999.99
11:36:49.039 [main] INFO com.example.TaskTwoTests -- Testing amount: 123.456
11:36:49.039 [main] INFO com.example.TaskTwoTests -- Amount validation passed for: 123.456
11:36:49.039 [main] INFO com.example.TaskTwoTests -- Testing amount: 100
11:36:49.040 [main] INFO com.example.TaskTwoTests -- Amount validation passed for: 100
11:36:49.040 [main] INFO com.example.TaskTwoTests -- Final first four amounts after validation: [0.01, 999999999.99, 123.456, 100]
]]></system-out>
  </testcase>
  <testcase name="debugCaptureFirstFourTransactionAmounts" classname="com.example.TaskTwoTests" time="0.005">
    <system-out><![CDATA[11:36:49.042 [main] INFO com.example.TaskTwoTests -- === TaskTwoTests Setup Complete ===
11:36:49.043 [main] INFO com.example.TaskTwoTests -- Starting debug test for first four transaction amounts
11:36:49.044 [main] INFO com.example.TaskTwoTests -- Adding 5 test transactions to store
11:36:49.044 [main] INFO com.example.TaskTwoTests -- === CAPTURED FIRST FOUR TRANSACTION AMOUNTS ===
11:36:49.045 [main] INFO com.example.TaskTwoTests -- Transaction 1: Amount = 100.50
11:36:49.045 [main] INFO com.example.TaskTwoTests -- Transaction 2: Amount = 250.75
11:36:49.045 [main] INFO com.example.TaskTwoTests -- Transaction 3: Amount = 75.25
11:36:49.045 [main] INFO com.example.TaskTwoTests -- Transaction 4: Amount = 500.00
11:36:49.045 [main] INFO com.example.TaskTwoTests -- All assertions passed - first four amounts captured successfully
]]></system-out>
  </testcase>
  <testcase name="debugRealTimeAmountMonitoring" classname="com.example.TaskTwoTests" time="0.024">
    <system-out><![CDATA[11:36:49.063 [main] INFO com.example.TaskTwoTests -- === TaskTwoTests Setup Complete ===
11:36:49.064 [main] INFO com.example.TaskTwoTests -- Starting real-time amount monitoring debug
11:36:49.065 [main] INFO com.example.TaskTwoTests -- === Processing Transaction 1 ===
11:36:49.065 [main] INFO com.example.TaskTwoTests -- Transaction ID: TXN-DEBUG-001
11:36:49.066 [main] INFO com.example.TaskTwoTests -- Transaction Amount: 99.99
11:36:49.066 [main] INFO com.example.TaskTwoTests -- Transaction Currency: USD
11:36:49.066 [main] INFO com.example.TaskTwoTests -- Captured amount: 99.99
11:36:49.066 [main] INFO com.example.TaskTwoTests -- Total captured amounts so far: 1
11:36:49.066 [main] INFO com.example.TaskTwoTests -- === Processing Transaction 2 ===
11:36:49.066 [main] INFO com.example.TaskTwoTests -- Transaction ID: TXN-DEBUG-002
11:36:49.066 [main] INFO com.example.TaskTwoTests -- Transaction Amount: 1234.56
11:36:49.066 [main] INFO com.example.TaskTwoTests -- Transaction Currency: USD
11:36:49.066 [main] INFO com.example.TaskTwoTests -- Captured amount: 1234.56
11:36:49.066 [main] INFO com.example.TaskTwoTests -- Total captured amounts so far: 2
11:36:49.066 [main] INFO com.example.TaskTwoTests -- === Processing Transaction 3 ===
11:36:49.068 [main] INFO com.example.TaskTwoTests -- Transaction ID: TXN-DEBUG-003
11:36:49.068 [main] INFO com.example.TaskTwoTests -- Transaction Amount: 0.01
11:36:49.068 [main] INFO com.example.TaskTwoTests -- Transaction Currency: USD
11:36:49.068 [main] INFO com.example.TaskTwoTests -- Captured amount: 0.01
11:36:49.068 [main] INFO com.example.TaskTwoTests -- Total captured amounts so far: 3
11:36:49.068 [main] INFO com.example.TaskTwoTests -- === Processing Transaction 4 ===
11:36:49.068 [main] INFO com.example.TaskTwoTests -- Transaction ID: TXN-DEBUG-004
11:36:49.068 [main] INFO com.example.TaskTwoTests -- Transaction Amount: 999999.99
11:36:49.068 [main] INFO com.example.TaskTwoTests -- Transaction Currency: USD
11:36:49.068 [main] INFO com.example.TaskTwoTests -- Captured amount: 999999.99
11:36:49.068 [main] INFO com.example.TaskTwoTests -- Total captured amounts so far: 4
11:36:49.069 [main] INFO com.example.TaskTwoTests -- Current first four amounts: [99.99, 1234.56, 0.01, 999999.99]
11:36:49.069 [main] INFO com.example.TaskTwoTests -- === Processing Transaction 5 ===
11:36:49.070 [main] INFO com.example.TaskTwoTests -- Transaction ID: TXN-DEBUG-005
11:36:49.070 [main] INFO com.example.TaskTwoTests -- Transaction Amount: 42.42
11:36:49.070 [main] INFO com.example.TaskTwoTests -- Transaction Currency: USD
11:36:49.070 [main] INFO com.example.TaskTwoTests -- Captured amount: 42.42
11:36:49.070 [main] INFO com.example.TaskTwoTests -- Total captured amounts so far: 5
11:36:49.070 [main] INFO com.example.TaskTwoTests -- Current first four amounts: [99.99, 1234.56, 0.01, 999999.99]
11:36:49.070 [main] INFO com.example.TaskTwoTests -- === FINAL FIRST FOUR AMOUNTS ===
11:36:49.071 [main] INFO com.example.TaskTwoTests -- Amount: 99.99
11:36:49.071 [main] INFO com.example.TaskTwoTests -- Amount: 1234.56
11:36:49.071 [main] INFO com.example.TaskTwoTests -- Amount: 0.01
11:36:49.071 [main] INFO com.example.TaskTwoTests -- Amount: 999999.99
]]></system-out>
  </testcase>
</testsuite>